[debug] [2023-03-04T21:33:41.048Z] ----------------------------------------------------------------------
[debug] [2023-03-04T21:33:41.050Z] Command:       C:\Program Files\nodejs\node.exe C:\Users\Gabriela\AppData\Roaming\npm\node_modules\firebase-tools\lib\bin\firebase.js init
[debug] [2023-03-04T21:33:41.050Z] CLI Version:   11.24.0
[debug] [2023-03-04T21:33:41.051Z] Platform:      win32
[debug] [2023-03-04T21:33:41.051Z] Node Version:  v16.17.1
[debug] [2023-03-04T21:33:41.052Z] Time:          Sat Mar 04 2023 18:33:41 GMT-0300 (hora de verano de Chile)
[debug] [2023-03-04T21:33:41.052Z] ----------------------------------------------------------------------
[debug] 
[debug] [2023-03-04T21:33:41.056Z] >>> [apiv2][query] GET https://firebase-public.firebaseio.com/cli.json [none]
[debug] [2023-03-04T21:33:41.133Z] > command requires scopes: ["email","openid","https://www.googleapis.com/auth/cloudplatformprojects.readonly","https://www.googleapis.com/auth/firebase","https://www.googleapis.com/auth/cloud-platform"]
[debug] [2023-03-04T21:33:41.134Z] > authorizing via signed-in user (gabrielavillarrealdiaz@gmail.com)
[info] 
     ######## #### ########  ######## ########     ###     ######  ########
     ##        ##  ##     ## ##       ##     ##  ##   ##  ##       ##
     ######    ##  ########  ######   ########  #########  ######  ######
     ##        ##  ##    ##  ##       ##     ## ##     ##       ## ##
     ##       #### ##     ## ######## ########  ##     ##  ######  ########

You're about to initialize a Firebase project in this directory:

  C:\Users\Gabriela\Desktop\BQ\DEV001-burger-queen

Before we get started, keep in mind:

  * You are initializing within an existing Firebase project directory

[debug] [2023-03-04T21:33:41.485Z] <<< [apiv2][status] GET https://firebase-public.firebaseio.com/cli.json 200
[debug] [2023-03-04T21:33:41.485Z] <<< [apiv2][body] GET https://firebase-public.firebaseio.com/cli.json {"cloudBuildErrorAfter":1594252800000,"cloudBuildWarnAfter":1590019200000,"defaultNode10After":1594252800000,"minVersion":"3.0.5","node8DeploysDisabledAfter":1613390400000,"node8RuntimeDisabledAfter":1615809600000,"node8WarnAfter":1600128000000}
[info] 
=== Project Setup
[info] 
[info] First, let's associate this project directory with a Firebase project.
[info] You can create multiple project aliases by running firebase use --add, 
[info] but for now we'll just set up a default project.
[info] 
[debug] [2023-03-04T21:33:54.024Z] > refreshing access token with scopes: []
[debug] [2023-03-04T21:33:54.025Z] >>> [apiv2][query] POST https://www.googleapis.com/oauth2/v3/token [none]
[debug] [2023-03-04T21:33:54.025Z] >>> [apiv2][body] POST https://www.googleapis.com/oauth2/v3/token [omitted]
[debug] [2023-03-04T21:33:54.222Z] <<< [apiv2][status] POST https://www.googleapis.com/oauth2/v3/token 200
[debug] [2023-03-04T21:33:54.222Z] <<< [apiv2][body] POST https://www.googleapis.com/oauth2/v3/token [omitted]
[debug] [2023-03-04T21:33:54.250Z] >>> [apiv2][query] GET https://firebase.googleapis.com/v1beta1/projects pageSize=100
[debug] [2023-03-04T21:33:54.796Z] <<< [apiv2][status] GET https://firebase.googleapis.com/v1beta1/projects 200
[debug] [2023-03-04T21:33:54.797Z] <<< [apiv2][body] GET https://firebase.googleapis.com/v1beta1/projects [omitted]
[info] i  Using project burgerqueen-13f48 (BurgerQueen) 
[info] 
=== Database Setup
[info] i  database: ensuring required API firebasedatabase.googleapis.com is enabled... 
[debug] [2023-03-04T21:33:56.318Z] >>> [apiv2][query] GET https://serviceusage.googleapis.com/v1/projects/burgerqueen-13f48/services/firebasedatabase.googleapis.com [none]
[debug] [2023-03-04T21:33:56.318Z] >>> [apiv2][(partial)header] GET https://serviceusage.googleapis.com/v1/projects/burgerqueen-13f48/services/firebasedatabase.googleapis.com x-goog-quota-user=projects/burgerqueen-13f48
[debug] [2023-03-04T21:33:57.325Z] <<< [apiv2][status] GET https://serviceusage.googleapis.com/v1/projects/burgerqueen-13f48/services/firebasedatabase.googleapis.com 200
[debug] [2023-03-04T21:33:57.325Z] <<< [apiv2][body] GET https://serviceusage.googleapis.com/v1/projects/burgerqueen-13f48/services/firebasedatabase.googleapis.com [omitted]
[info] +  database: required API firebasedatabase.googleapis.com is enabled 
[info] 
[debug] [2023-03-04T21:33:57.327Z] >>> [apiv2][query] GET https://firebasedatabase.googleapis.com/v1beta/projects/burgerqueen-13f48/locations/-/instances/burgerqueen-13f48-default-rtdb [none]
[debug] [2023-03-04T21:33:57.613Z] <<< [apiv2][status] GET https://firebasedatabase.googleapis.com/v1beta/projects/burgerqueen-13f48/locations/-/instances/burgerqueen-13f48-default-rtdb 200
[debug] [2023-03-04T21:33:57.613Z] <<< [apiv2][body] GET https://firebasedatabase.googleapis.com/v1beta/projects/burgerqueen-13f48/locations/-/instances/burgerqueen-13f48-default-rtdb {"name":"projects/550101619749/locations/us-central1/instances/burgerqueen-13f48-default-rtdb","project":"projects/550101619749","databaseUrl":"https://burgerqueen-13f48-default-rtdb.firebaseio.com","type":"DEFAULT_DATABASE","state":"ACTIVE"}
[info] 
[info] Firebase Realtime Database Security Rules allow you to define how your data should be
[info] structured and when your data can be read from and written to.
[info] 
[debug] [2023-03-04T21:34:02.893Z] >>> [apiv2][query] GET https://burgerqueen-13f48-default-rtdb.firebaseio.com/.settings/rules.json [none]
[debug] [2023-03-04T21:34:03.781Z] <<< [apiv2][status] GET https://burgerqueen-13f48-default-rtdb.firebaseio.com/.settings/rules.json 200
[debug] [2023-03-04T21:34:03.781Z] <<< [apiv2][body] GET https://burgerqueen-13f48-default-rtdb.firebaseio.com/.settings/rules.json [stream]
[info] +  Database Rules for burgerqueen-13f48-default-rtdb have been written to database.rules.json. 
[info] Future modifications to database.rules.json will update Realtime Database Security Rules when you run
[info] firebase deploy.
[info] 
=== Firestore Setup
[debug] [2023-03-04T21:34:03.789Z] >>> [apiv2][query] GET https://serviceusage.googleapis.com/v1/projects/burgerqueen-13f48/services/firestore.googleapis.com [none]
[debug] [2023-03-04T21:34:03.789Z] >>> [apiv2][(partial)header] GET https://serviceusage.googleapis.com/v1/projects/burgerqueen-13f48/services/firestore.googleapis.com x-goog-quota-user=projects/burgerqueen-13f48
[debug] [2023-03-04T21:34:04.702Z] <<< [apiv2][status] GET https://serviceusage.googleapis.com/v1/projects/burgerqueen-13f48/services/firestore.googleapis.com 200
[debug] [2023-03-04T21:34:04.703Z] <<< [apiv2][body] GET https://serviceusage.googleapis.com/v1/projects/burgerqueen-13f48/services/firestore.googleapis.com [omitted]
[debug] [2023-03-04T21:34:04.703Z] >>> [apiv2][query] GET https://firestore.googleapis.com/v1/projects/burgerqueen-13f48/databases/(default) [none]
[debug] [2023-03-04T21:34:05.246Z] <<< [apiv2][status] GET https://firestore.googleapis.com/v1/projects/burgerqueen-13f48/databases/(default) 200
[debug] [2023-03-04T21:34:05.246Z] <<< [apiv2][body] GET https://firestore.googleapis.com/v1/projects/burgerqueen-13f48/databases/(default) {"name":"projects/burgerqueen-13f48/databases/(default)","uid":"a8ca2816-b651-49fd-a1be-ab1059322f20","createTime":"2023-02-12T22:04:04.520507Z","updateTime":"2023-02-12T22:04:04.520507Z","locationId":"southamerica-east1","type":"FIRESTORE_NATIVE","concurrencyMode":"PESSIMISTIC","appEngineIntegrationMode":"DISABLED","keyPrefix":"i","etag":"IOa/xJGdw/0CMNqy/OzJuf0C"}
[debug] [2023-03-04T21:34:05.246Z] database_type: FIRESTORE_NATIVE
[debug] [2023-03-04T21:34:05.247Z] > command requires scopes: ["email","openid","https://www.googleapis.com/auth/cloudplatformprojects.readonly","https://www.googleapis.com/auth/firebase","https://www.googleapis.com/auth/cloud-platform"]
[debug] [2023-03-04T21:34:05.247Z] > authorizing via signed-in user (gabrielavillarrealdiaz@gmail.com)
[debug] [2023-03-04T21:34:05.247Z] [iam] checking project burgerqueen-13f48 for permissions ["firebase.projects.get"]
[debug] [2023-03-04T21:34:05.248Z] >>> [apiv2][query] POST https://cloudresourcemanager.googleapis.com/v1/projects/burgerqueen-13f48:testIamPermissions [none]
[debug] [2023-03-04T21:34:05.248Z] >>> [apiv2][(partial)header] POST https://cloudresourcemanager.googleapis.com/v1/projects/burgerqueen-13f48:testIamPermissions x-goog-quota-user=projects/burgerqueen-13f48
[debug] [2023-03-04T21:34:05.248Z] >>> [apiv2][body] POST https://cloudresourcemanager.googleapis.com/v1/projects/burgerqueen-13f48:testIamPermissions {"permissions":["firebase.projects.get"]}
[debug] [2023-03-04T21:34:06.079Z] <<< [apiv2][status] POST https://cloudresourcemanager.googleapis.com/v1/projects/burgerqueen-13f48:testIamPermissions 200
[debug] [2023-03-04T21:34:06.079Z] <<< [apiv2][body] POST https://cloudresourcemanager.googleapis.com/v1/projects/burgerqueen-13f48:testIamPermissions {"permissions":["firebase.projects.get"]}
[info] 
[info] Firestore Security Rules allow you to define how and when to allow
[info] requests. You can keep these rules in your project directory
[info] and publish them with firebase deploy.
[info] 
[info] 
[info] Firestore indexes allow you to perform complex queries while
[info] maintaining performance that scales with the size of the result
[info] set. You can keep index definitions in your project directory
[info] and publish them with firebase deploy.
[info] 
[info] 
=== Functions Setup
[debug] [2023-03-04T21:34:18.239Z] > command requires scopes: ["email","openid","https://www.googleapis.com/auth/cloudplatformprojects.readonly","https://www.googleapis.com/auth/firebase","https://www.googleapis.com/auth/cloud-platform"]
[debug] [2023-03-04T21:34:18.240Z] > authorizing via signed-in user (gabrielavillarrealdiaz@gmail.com)
[debug] [2023-03-04T21:34:18.240Z] [iam] checking project burgerqueen-13f48 for permissions ["firebase.projects.get"]
[debug] [2023-03-04T21:34:18.240Z] >>> [apiv2][query] POST https://cloudresourcemanager.googleapis.com/v1/projects/burgerqueen-13f48:testIamPermissions [none]
[debug] [2023-03-04T21:34:18.240Z] >>> [apiv2][(partial)header] POST https://cloudresourcemanager.googleapis.com/v1/projects/burgerqueen-13f48:testIamPermissions x-goog-quota-user=projects/burgerqueen-13f48
[debug] [2023-03-04T21:34:18.240Z] >>> [apiv2][body] POST https://cloudresourcemanager.googleapis.com/v1/projects/burgerqueen-13f48:testIamPermissions {"permissions":["firebase.projects.get"]}
[debug] [2023-03-04T21:34:19.032Z] <<< [apiv2][status] POST https://cloudresourcemanager.googleapis.com/v1/projects/burgerqueen-13f48:testIamPermissions 200
[debug] [2023-03-04T21:34:19.033Z] <<< [apiv2][body] POST https://cloudresourcemanager.googleapis.com/v1/projects/burgerqueen-13f48:testIamPermissions {"permissions":["firebase.projects.get"]}
[debug] [2023-03-04T21:34:19.033Z] >>> [apiv2][query] GET https://serviceusage.googleapis.com/v1/projects/burgerqueen-13f48/services/cloudfunctions.googleapis.com [none]
[debug] [2023-03-04T21:34:19.033Z] >>> [apiv2][(partial)header] GET https://serviceusage.googleapis.com/v1/projects/burgerqueen-13f48/services/cloudfunctions.googleapis.com x-goog-quota-user=projects/burgerqueen-13f48
[debug] [2023-03-04T21:34:19.036Z] >>> [apiv2][query] GET https://serviceusage.googleapis.com/v1/projects/burgerqueen-13f48/services/runtimeconfig.googleapis.com [none]
[debug] [2023-03-04T21:34:19.036Z] >>> [apiv2][(partial)header] GET https://serviceusage.googleapis.com/v1/projects/burgerqueen-13f48/services/runtimeconfig.googleapis.com x-goog-quota-user=projects/burgerqueen-13f48
[debug] [2023-03-04T21:34:20.032Z] <<< [apiv2][status] GET https://serviceusage.googleapis.com/v1/projects/burgerqueen-13f48/services/runtimeconfig.googleapis.com 200
[debug] [2023-03-04T21:34:20.033Z] <<< [apiv2][body] GET https://serviceusage.googleapis.com/v1/projects/burgerqueen-13f48/services/runtimeconfig.googleapis.com [omitted]
[debug] [2023-03-04T21:34:20.083Z] <<< [apiv2][status] GET https://serviceusage.googleapis.com/v1/projects/burgerqueen-13f48/services/cloudfunctions.googleapis.com 200
[debug] [2023-03-04T21:34:20.084Z] <<< [apiv2][body] GET https://serviceusage.googleapis.com/v1/projects/burgerqueen-13f48/services/cloudfunctions.googleapis.com [omitted]
[debug] [2023-03-04T21:34:20.084Z] >>> [apiv2][query] POST https://serviceusage.googleapis.com/v1/projects/burgerqueen-13f48/services/cloudfunctions.googleapis.com:enable [none]
[debug] [2023-03-04T21:34:20.084Z] >>> [apiv2][(partial)header] POST https://serviceusage.googleapis.com/v1/projects/burgerqueen-13f48/services/cloudfunctions.googleapis.com:enable x-goog-quota-user=projects/burgerqueen-13f48
[debug] [2023-03-04T21:34:21.424Z] <<< [apiv2][status] POST https://serviceusage.googleapis.com/v1/projects/burgerqueen-13f48/services/cloudfunctions.googleapis.com:enable 200
[debug] [2023-03-04T21:34:21.424Z] <<< [apiv2][body] POST https://serviceusage.googleapis.com/v1/projects/burgerqueen-13f48/services/cloudfunctions.googleapis.com:enable [omitted]
[debug] [2023-03-04T21:34:31.429Z] >>> [apiv2][query] GET https://serviceusage.googleapis.com/v1/projects/burgerqueen-13f48/services/cloudfunctions.googleapis.com [none]
[debug] [2023-03-04T21:34:31.430Z] >>> [apiv2][(partial)header] GET https://serviceusage.googleapis.com/v1/projects/burgerqueen-13f48/services/cloudfunctions.googleapis.com x-goog-quota-user=projects/burgerqueen-13f48
[debug] [2023-03-04T21:34:32.333Z] <<< [apiv2][status] GET https://serviceusage.googleapis.com/v1/projects/burgerqueen-13f48/services/cloudfunctions.googleapis.com 200
[debug] [2023-03-04T21:34:32.333Z] <<< [apiv2][body] GET https://serviceusage.googleapis.com/v1/projects/burgerqueen-13f48/services/cloudfunctions.googleapis.com [omitted]
[info] Let's create a new codebase for your functions.
[info] A directory corresponding to the codebase will be created in your project
[info] with sample code pre-configured.

[info] See https://firebase.google.com/docs/functions/organize-functions for
[info] more information on organizing your functions using codebases.

[info] Functions can be deployed with firebase deploy.

[info] +  Wrote functions/package.json 
[info] +  Wrote functions/.eslintrc.js 
[info] +  Wrote functions/index.js 
[info] +  Wrote functions/.gitignore 
[info] 
=== Hosting Setup
[info] 
[info] Your public directory is the folder (relative to your project directory) that
[info] will contain Hosting assets to be uploaded with firebase deploy. If you
[info] have a build process for your assets, use your build's output directory.
[info] 
[info] +  Wrote public/404.html 
[debug] [2023-03-04T21:36:27.415Z] >>> [apiv2][query] GET https://www.gstatic.com/firebasejs/releases.json [none]
[debug] [2023-03-04T21:36:27.815Z] <<< [apiv2][status] GET https://www.gstatic.com/firebasejs/releases.json 200
[debug] [2023-03-04T21:36:27.815Z] <<< [apiv2][body] GET https://www.gstatic.com/firebasejs/releases.json {"current":{"version":"9.17.2","browserURL":"https://www.gstatic.com/firebasejs/9.17.2/firebase.js","packageURL":"https://www.gstatic.com/firebasejs/9.17.2/firebase.tgz"},"live":{"version":"9.17","browserURL":"https://www.gstatic.com/firebasejs/live/9.17/firebase.js","packageURL":"https://www.gstatic.com/firebasejs/live/9.17/firebase.tgz"},"components":{"analytics":"https://www.gstatic.com/firebasejs/9.17.2/firebase-analytics.js","app":"https://www.gstatic.com/firebasejs/9.17.2/firebase-app.js","app-check":"https://www.gstatic.com/firebasejs/9.17.2/firebase-app-check.js","auth":"https://www.gstatic.com/firebasejs/9.17.2/firebase-auth.js","auth/cordova":"https://www.gstatic.com/firebasejs/9.17.2/firebase-auth/cordova.js","auth/react-native":"https://www.gstatic.com/firebasejs/9.17.2/firebase-auth/react-native.js","functions":"https://www.gstatic.com/firebasejs/9.17.2/firebase-functions.js","firestore":"https://www.gstatic.com/firebasejs/9.17.2/firebase-firestore.js","firestore/lite":"https://www.gstatic.com/firebasejs/9.17.2/firebase-firestore/lite.js","installations":"https://www.gstatic.com/firebasejs/9.17.2/firebase-installations.js","storage":"https://www.gstatic.com/firebasejs/9.17.2/firebase-storage.js","performance":"https://www.gstatic.com/firebasejs/9.17.2/firebase-performance.js","remote-config":"https://www.gstatic.com/firebasejs/9.17.2/firebase-remote-config.js","messaging":"https://www.gstatic.com/firebasejs/9.17.2/firebase-messaging.js","messaging/sw":"https://www.gstatic.com/firebasejs/9.17.2/firebase-messaging/sw.js","database":"https://www.gstatic.com/firebasejs/9.17.2/firebase-database.js","firestore.memory":"https://www.gstatic.com/firebasejs/9.17.2/firebase-firestore.memory.js"}}
[info] i  Skipping write of public/index.html 
[info] 
[info] i  Detected a .git folder at C:\Users\Gabriela\Desktop\BQ\DEV001-burger-queen 
[info] i  Authorizing with GitHub to upload your service account to a GitHub repository's secrets store. 
[info] 
[info] Visit this URL on this device to log in:
[info] https://github.com/login/oauth/authorize?client_id=89cf50f02ac6aaed3484&state=158340384&redirect_uri=http%3A%2F%2Flocalhost%3A9005&scope=read%3Auser%20repo%20public_repo
[info] 
[info] Waiting for authentication...
[debug] [2023-03-04T21:36:49.701Z] >>> [apiv2][query] POST https://github.com/login/oauth/access_token [none]
[debug] [2023-03-04T21:36:49.701Z] >>> [apiv2][body] POST https://github.com/login/oauth/access_token [stream]
[debug] [2023-03-04T21:36:50.138Z] <<< [apiv2][status] POST https://github.com/login/oauth/access_token 200
[debug] [2023-03-04T21:36:50.139Z] <<< [apiv2][body] POST https://github.com/login/oauth/access_token {"access_token":"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","token_type":"bearer","scope":"read:user,repo"}
[debug] [2023-03-04T21:36:50.159Z] >>> [apiv2][query] GET https://api.github.com/user [none]
[debug] [2023-03-04T21:36:50.590Z] <<< [apiv2][status] GET https://api.github.com/user 200
[debug] [2023-03-04T21:36:50.590Z] <<< [apiv2][body] GET https://api.github.com/user {"login":"gabrielavillarrealdiaz","id":109252463,"node_id":"U_kgDOBoMPbw","avatar_url":"https://avatars.githubusercontent.com/u/109252463?v=4","gravatar_id":"","url":"https://api.github.com/users/gabrielavillarrealdiaz","html_url":"https://github.com/gabrielavillarrealdiaz","followers_url":"https://api.github.com/users/gabrielavillarrealdiaz/followers","following_url":"https://api.github.com/users/gabrielavillarrealdiaz/following{/other_user}","gists_url":"https://api.github.com/users/gabrielavillarrealdiaz/gists{/gist_id}","starred_url":"https://api.github.com/users/gabrielavillarrealdiaz/starred{/owner}{/repo}","subscriptions_url":"https://api.github.com/users/gabrielavillarrealdiaz/subscriptions","organizations_url":"https://api.github.com/users/gabrielavillarrealdiaz/orgs","repos_url":"https://api.github.com/users/gabrielavillarrealdiaz/repos","events_url":"https://api.github.com/users/gabrielavillarrealdiaz/events{/privacy}","received_events_url":"https://api.github.com/users/gabrielavillarrealdiaz/received_events","type":"User","site_admin":false,"name":"Gabriela Villarreal Díaz ","company":null,"blog":"https://www.linkedin.com/in/gabriela-villarreal-diaz/","location":null,"email":null,"hireable":null,"bio":"FrontEnd Developer  - Antropóloga Social","twitter_username":null,"public_repos":12,"public_gists":0,"followers":7,"following":9,"created_at":"2022-07-13T23:19:07Z","updated_at":"2023-03-04T21:36:35Z","private_gists":0,"total_private_repos":0,"owned_private_repos":0,"disk_usage":6000,"collaborators":0,"two_factor_authentication":false,"plan":{"name":"pro","space":976562499,"collaborators":0,"private_repos":9999}}
[info] 
[info] +  Success! Logged into GitHub as gabrielavillarrealdiaz 
[info] 
[debug] [2023-03-04T21:39:00.964Z] >>> [apiv2][query] GET https://api.github.com/repos//actions/secrets/public-key type=owner
[debug] [2023-03-04T21:39:01.342Z] <<< [apiv2][status] GET https://api.github.com/repos//actions/secrets/public-key 404
[debug] [2023-03-04T21:39:01.342Z] <<< [apiv2][body] GET https://api.github.com/repos//actions/secrets/public-key {"message":"Not Found","documentation_url":"https://docs.github.com/rest"}
[debug] [2023-03-04T21:43:16.835Z] >>> [apiv2][query] GET https://api.github.com/repos/gabrielavillarrealdiaz/DEV001-burger-queen /actions/secrets/public-key type=owner
[debug] [2023-03-04T21:43:17.198Z] <<< [apiv2][status] GET https://api.github.com/repos/gabrielavillarrealdiaz/DEV001-burger-queen /actions/secrets/public-key 404
[debug] [2023-03-04T21:43:17.198Z] <<< [apiv2][body] GET https://api.github.com/repos/gabrielavillarrealdiaz/DEV001-burger-queen /actions/secrets/public-key {"message":"Not Found","documentation_url":"https://docs.github.com/rest/reference/actions#get-a-repository-public-key"}
[debug] [2023-03-04T23:33:01.195Z] >>> [apiv2][query] GET https://api.github.com/repos/gabrielavillarrealdiaz/DEV001-burger-queen /actions/secrets/public-key type=owner
[debug] [2023-03-04T23:33:01.596Z] <<< [apiv2][status] GET https://api.github.com/repos/gabrielavillarrealdiaz/DEV001-burger-queen /actions/secrets/public-key 404
[debug] [2023-03-04T23:33:01.597Z] <<< [apiv2][body] GET https://api.github.com/repos/gabrielavillarrealdiaz/DEV001-burger-queen /actions/secrets/public-key {"message":"Not Found","documentation_url":"https://docs.github.com/rest/reference/actions#get-a-repository-public-key"}
